20:10:45: Creating resource group General
20:10:45: Creating resource group Internal
20:10:45: Creating resource group Autodetect
20:10:45: Registering ResourceManager for type Mesh
20:10:45: Registering ResourceManager for type Material
20:10:45: Registering ResourceManager for type Skeleton
20:10:45: XMLMeshSerializer writing mesh data to gandamu.mesh.xml...
20:10:45: Populating DOM...
20:10:45: Writing submesh...
20:10:45: Dedicated geometry bone assignments exported.
20:10:45: Submesh exported.
20:10:45: Writing submesh...
20:10:45: Dedicated geometry bone assignments exported.
20:10:45: Submesh exported.
20:10:45: Writing submesh...
20:10:46: Dedicated geometry bone assignments exported.
20:10:46: Submesh exported.
20:10:46: Writing submesh...
20:10:46: Dedicated geometry bone assignments exported.
20:10:46: Submesh exported.
20:10:46: Writing submesh...
20:10:46: Dedicated geometry bone assignments exported.
20:10:46: Submesh exported.
20:10:46: Writing submesh...
20:10:46: Dedicated geometry bone assignments exported.
20:10:46: Submesh exported.
20:10:46: Writing submesh...
20:10:46: Dedicated geometry bone assignments exported.
20:10:46: Submesh exported.
20:10:46: Writing submesh...
20:10:46: Dedicated geometry bone assignments exported.
20:10:46: Submesh exported.
20:10:46: Writing submesh...
20:10:46: Dedicated geometry bone assignments exported.
20:10:46: Submesh exported.
20:10:46: Exporting LOD information...
20:10:46: LOD information exported.
20:10:46: DOM populated, writing XML file..
20:10:46: XMLMeshSerializer export successful.
20:10:46: Unregistering ResourceManager for type Skeleton
20:10:46: Unregistering ResourceManager for type Material
20:10:46: Unregistering ResourceManager for type Mesh
