20:46:24: Creating resource group General
20:46:24: Creating resource group Internal
20:46:24: Creating resource group Autodetect
20:46:24: Registering ResourceManager for type Mesh
20:46:24: Registering ResourceManager for type Material
20:46:24: Registering ResourceManager for type Skeleton
20:46:24: Skeleton: Loading generic_item.skeleton
20:46:24: OGRE EXCEPTION(6:FileNotFoundException): Cannot locate resource generic_item.skeleton in resource group General or any other group. in ResourceGroupManager::openResource at ..\..\..\..\OgreMain\src\OgreResourceGroupManager.cpp (line 753)
20:46:24: Unable to load skeleton generic_item.skeleton for Mesh conversion. This Mesh will not be animated. You can ignore this message if you are using an offline tool.
20:46:24: XMLMeshSerializer writing mesh data to umi.mesh.xml...
20:46:24: Populating DOM...
20:46:24: Writing submesh...
20:46:24: Exporting dedicated geometry bone assignments...
20:46:24: Dedicated geometry bone assignments exported.
20:46:24: Submesh exported.
20:46:24: Writing submesh...
20:46:24: Exporting dedicated geometry bone assignments...
20:46:24: Dedicated geometry bone assignments exported.
20:46:24: Submesh exported.
20:46:24: Writing submesh...
20:46:24: Exporting dedicated geometry bone assignments...
20:46:24: Dedicated geometry bone assignments exported.
20:46:24: Submesh exported.
20:46:24: Writing submesh...
20:46:24: Exporting dedicated geometry bone assignments...
20:46:24: Dedicated geometry bone assignments exported.
20:46:24: Submesh exported.
20:46:24: Writing submesh...
20:46:24: Exporting dedicated geometry bone assignments...
20:46:24: Dedicated geometry bone assignments exported.
20:46:24: Submesh exported.
20:46:24: Writing submesh...
20:46:24: Exporting dedicated geometry bone assignments...
20:46:24: Dedicated geometry bone assignments exported.
20:46:25: Submesh exported.
20:46:25: Writing submesh...
20:46:25: Exporting dedicated geometry bone assignments...
20:46:25: Dedicated geometry bone assignments exported.
20:46:25: Submesh exported.
20:46:25: Exporting skeleton link...
20:46:25: Skeleton link exported.
20:46:25: Exporting LOD information...
20:46:25: LOD information exported.
20:46:25: DOM populated, writing XML file..
20:46:25: XMLMeshSerializer export successful.
20:46:25: Unregistering ResourceManager for type Skeleton
20:46:25: Unregistering ResourceManager for type Material
20:46:25: Unregistering ResourceManager for type Mesh
