20:42:25: Creating resource group General
20:42:25: Creating resource group Internal
20:42:25: Creating resource group Autodetect
20:42:25: Registering ResourceManager for type Mesh
20:42:25: Registering ResourceManager for type Material
20:42:25: Registering ResourceManager for type Skeleton
20:42:25: XMLMeshSerializer writing mesh data to syoujyo.mesh.xml...
20:42:25: Populating DOM...
20:42:25: Writing submesh...
20:42:25: Dedicated geometry bone assignments exported.
20:42:25: Submesh exported.
20:42:25: Writing submesh...
20:42:25: Dedicated geometry bone assignments exported.
20:42:25: Submesh exported.
20:42:25: Writing submesh...
20:42:25: Dedicated geometry bone assignments exported.
20:42:25: Submesh exported.
20:42:25: Writing submesh...
20:42:26: Dedicated geometry bone assignments exported.
20:42:26: Submesh exported.
20:42:26: Writing submesh...
20:42:26: Dedicated geometry bone assignments exported.
20:42:26: Submesh exported.
20:42:26: Writing submesh...
20:42:26: Dedicated geometry bone assignments exported.
20:42:26: Submesh exported.
20:42:26: Writing submesh...
20:42:26: Dedicated geometry bone assignments exported.
20:42:26: Submesh exported.
20:42:26: Writing submesh...
20:42:26: Dedicated geometry bone assignments exported.
20:42:26: Submesh exported.
20:42:26: Writing submesh...
20:42:26: Dedicated geometry bone assignments exported.
20:42:26: Submesh exported.
20:42:26: Writing submesh...
20:42:26: Dedicated geometry bone assignments exported.
20:42:26: Submesh exported.
20:42:26: Exporting LOD information...
20:42:26: LOD information exported.
20:42:26: DOM populated, writing XML file..
20:42:26: XMLMeshSerializer export successful.
20:42:26: Unregistering ResourceManager for type Skeleton
20:42:26: Unregistering ResourceManager for type Material
20:42:26: Unregistering ResourceManager for type Mesh
